ERROR - 2023-03-01 02:00:02 --> Unknown column 'el.from_date' in 'field list'
CRITICAL - 2023-03-01 02:00:02 --> Call to a member function getResultArray() on bool
in APPPATH/Controllers/AttendanceReport.php on line 92.
 1 SYSTEMPATH/CodeIgniter.php(896): App\Controllers\AttendanceReport->search_report()
 2 SYSTEMPATH/CodeIgniter.php(466): CodeIgniter\CodeIgniter->runController(Object(App\Controllers\AttendanceReport))
 3 SYSTEMPATH/CodeIgniter.php(349): CodeIgniter\CodeIgniter->handleRequest(null, Object(Config\Cache), false)
 4 FCPATH/index.php(55): CodeIgniter\CodeIgniter->run()
ERROR - 2023-03-01 02:02:39 --> Unknown column 'ns.log_type' in 'where clause'
CRITICAL - 2023-03-01 02:02:39 --> Call to a member function getResultArray() on bool
in APPPATH/Controllers/AttendanceReport.php on line 92.
 1 SYSTEMPATH/CodeIgniter.php(896): App\Controllers\AttendanceReport->search_report()
 2 SYSTEMPATH/CodeIgniter.php(466): CodeIgniter\CodeIgniter->runController(Object(App\Controllers\AttendanceReport))
 3 SYSTEMPATH/CodeIgniter.php(349): CodeIgniter\CodeIgniter->handleRequest(null, Object(Config\Cache), false)
 4 FCPATH/index.php(55): CodeIgniter\CodeIgniter->run()
ERROR - 2023-03-01 02:03:37 --> Unknown column 'ns.leave_id' in 'on clause'
CRITICAL - 2023-03-01 02:03:37 --> Call to a member function getResultArray() on bool
in APPPATH/Controllers/AttendanceReport.php on line 90.
 1 SYSTEMPATH/CodeIgniter.php(896): App\Controllers\AttendanceReport->search_report()
 2 SYSTEMPATH/CodeIgniter.php(466): CodeIgniter\CodeIgniter->runController(Object(App\Controllers\AttendanceReport))
 3 SYSTEMPATH/CodeIgniter.php(349): CodeIgniter\CodeIgniter->handleRequest(null, Object(Config\Cache), false)
 4 FCPATH/index.php(55): CodeIgniter\CodeIgniter->run()
ERROR - 2023-03-01 02:05:09 --> Unknown column 'ns.status' in 'where clause'
CRITICAL - 2023-03-01 02:05:09 --> Call to a member function getResultArray() on bool
in APPPATH/Controllers/AttendanceReport.php on line 89.
 1 SYSTEMPATH/CodeIgniter.php(896): App\Controllers\AttendanceReport->search_report()
 2 SYSTEMPATH/CodeIgniter.php(466): CodeIgniter\CodeIgniter->runController(Object(App\Controllers\AttendanceReport))
 3 SYSTEMPATH/CodeIgniter.php(349): CodeIgniter\CodeIgniter->handleRequest(null, Object(Config\Cache), false)
 4 FCPATH/index.php(55): CodeIgniter\CodeIgniter->run()
ERROR - 2023-03-01 04:40:16 --> Unknown column 'ns.head' in 'field list'
CRITICAL - 2023-03-01 04:40:16 --> Call to a member function getResultArray() on bool
in APPPATH/Controllers/Attendance.php on line 881.
 1 SYSTEMPATH/CodeIgniter.php(896): App\Controllers\Attendance->view_approval()
 2 SYSTEMPATH/CodeIgniter.php(466): CodeIgniter\CodeIgniter->runController(Object(App\Controllers\Attendance))
 3 SYSTEMPATH/CodeIgniter.php(349): CodeIgniter\CodeIgniter->handleRequest(null, Object(Config\Cache), false)
 4 FCPATH/index.php(55): CodeIgniter\CodeIgniter->run()
ERROR - 2023-03-01 04:45:08 --> Unknown column 'ns.head' in 'field list'
CRITICAL - 2023-03-01 04:45:08 --> Call to a member function getResultArray() on bool
in APPPATH/Controllers/Attendance.php on line 881.
 1 SYSTEMPATH/CodeIgniter.php(896): App\Controllers\Attendance->view_approval()
 2 SYSTEMPATH/CodeIgniter.php(466): CodeIgniter\CodeIgniter->runController(Object(App\Controllers\Attendance))
 3 SYSTEMPATH/CodeIgniter.php(349): CodeIgniter\CodeIgniter->handleRequest(null, Object(Config\Cache), false)
 4 FCPATH/index.php(55): CodeIgniter\CodeIgniter->run()
