ERROR - 2022-11-19 01:18:20 --> Unknown table 'question'
CRITICAL - 2022-11-19 01:18:20 --> Call to a member function getResultArray() on bool
in APPPATH/Controllers/Question.php on line 185.
 1 SYSTEMPATH/CodeIgniter.php(896): App\Controllers\Question->get_detail('1')
 2 SYSTEMPATH/CodeIgniter.php(466): CodeIgniter\CodeIgniter->runController(Object(App\Controllers\Question))
 3 SYSTEMPATH/CodeIgniter.php(349): CodeIgniter\CodeIgniter->handleRequest(null, Object(Config\Cache), false)
 4 FCPATH/index.php(55): CodeIgniter\CodeIgniter->run()
ERROR - 2022-11-19 01:18:33 --> Unknown table 'question'
CRITICAL - 2022-11-19 01:18:33 --> Call to a member function getResultArray() on bool
in APPPATH/Controllers/Question.php on line 185.
 1 SYSTEMPATH/CodeIgniter.php(896): App\Controllers\Question->get_detail('1')
 2 SYSTEMPATH/CodeIgniter.php(466): CodeIgniter\CodeIgniter->runController(Object(App\Controllers\Question))
 3 SYSTEMPATH/CodeIgniter.php(349): CodeIgniter\CodeIgniter->handleRequest(null, Object(Config\Cache), false)
 4 FCPATH/index.php(55): CodeIgniter\CodeIgniter->run()
ERROR - 2022-11-19 01:18:38 --> Unknown table 'question'
CRITICAL - 2022-11-19 01:18:38 --> Call to a member function getResultArray() on bool
in APPPATH/Controllers/Question.php on line 185.
 1 SYSTEMPATH/CodeIgniter.php(896): App\Controllers\Question->get_detail('2')
 2 SYSTEMPATH/CodeIgniter.php(466): CodeIgniter\CodeIgniter->runController(Object(App\Controllers\Question))
 3 SYSTEMPATH/CodeIgniter.php(349): CodeIgniter\CodeIgniter->handleRequest(null, Object(Config\Cache), false)
 4 FCPATH/index.php(55): CodeIgniter\CodeIgniter->run()
ERROR - 2022-11-19 01:21:43 --> Unknown table 'question'
CRITICAL - 2022-11-19 01:21:43 --> Call to a member function getResultArray() on bool
in APPPATH/Controllers/Question.php on line 185.
 1 SYSTEMPATH/CodeIgniter.php(896): App\Controllers\Question->get_detail('2')
 2 SYSTEMPATH/CodeIgniter.php(466): CodeIgniter\CodeIgniter->runController(Object(App\Controllers\Question))
 3 SYSTEMPATH/CodeIgniter.php(349): CodeIgniter\CodeIgniter->handleRequest(null, Object(Config\Cache), false)
 4 FCPATH/index.php(55): CodeIgniter\CodeIgniter->run()
ERROR - 2022-11-19 01:34:02 --> Unknown table 'question'
CRITICAL - 2022-11-19 01:34:02 --> Call to a member function getResultArray() on bool
in APPPATH/Controllers/Question.php on line 185.
 1 SYSTEMPATH/CodeIgniter.php(896): App\Controllers\Question->get_detail('1')
 2 SYSTEMPATH/CodeIgniter.php(466): CodeIgniter\CodeIgniter->runController(Object(App\Controllers\Question))
 3 SYSTEMPATH/CodeIgniter.php(349): CodeIgniter\CodeIgniter->handleRequest(null, Object(Config\Cache), false)
 4 FCPATH/index.php(55): CodeIgniter\CodeIgniter->run()
ERROR - 2022-11-19 01:35:42 --> Unknown table 'question'
CRITICAL - 2022-11-19 01:35:42 --> Call to a member function getResultArray() on bool
in APPPATH/Controllers/Question.php on line 185.
 1 SYSTEMPATH/CodeIgniter.php(896): App\Controllers\Question->get_detail('2')
 2 SYSTEMPATH/CodeIgniter.php(466): CodeIgniter\CodeIgniter->runController(Object(App\Controllers\Question))
 3 SYSTEMPATH/CodeIgniter.php(349): CodeIgniter\CodeIgniter->handleRequest(null, Object(Config\Cache), false)
 4 FCPATH/index.php(55): CodeIgniter\CodeIgniter->run()
ERROR - 2022-11-19 01:36:04 --> Unknown table 'question'
CRITICAL - 2022-11-19 01:36:04 --> Call to a member function getResultArray() on bool
in APPPATH/Controllers/Question.php on line 185.
 1 SYSTEMPATH/CodeIgniter.php(896): App\Controllers\Question->get_detail('2')
 2 SYSTEMPATH/CodeIgniter.php(466): CodeIgniter\CodeIgniter->runController(Object(App\Controllers\Question))
 3 SYSTEMPATH/CodeIgniter.php(349): CodeIgniter\CodeIgniter->handleRequest(null, Object(Config\Cache), false)
 4 FCPATH/index.php(55): CodeIgniter\CodeIgniter->run()
