ERROR - 2022-11-09 00:01:33 --> Unknown column 'value' in 'field list'
CRITICAL - 2022-11-09 00:01:33 --> Call to a member function getResultArray() on bool
in APPPATH\Controllers\Question.php on line 25.
 1 SYSTEMPATH\CodeIgniter.php(896): App\Controllers\Question->index()
 2 SYSTEMPATH\CodeIgniter.php(466): CodeIgniter\CodeIgniter->runController(Object(App\Controllers\Question))
 3 SYSTEMPATH\CodeIgniter.php(349): CodeIgniter\CodeIgniter->handleRequest(null, Object(Config\Cache), false)
 4 FCPATH\index.php(55): CodeIgniter\CodeIgniter->run()
CRITICAL - 2022-11-09 00:02:44 --> Invalid argument supplied for foreach()
in APPPATH\Views\question.php on line 96.
 1 APPPATH\Views\question.php(96): CodeIgniter\Debug\Exceptions->errorHandler(2, 'Invalid argument supplied for foreach()', 'APPPATH\\Views\\question.php', 96, [...])
 2 SYSTEMPATH\View\View.php(213): include('APPPATH\\Views\\question.php')
 3 SYSTEMPATH\View\View.php(216): CodeIgniter\View\View->CodeIgniter\View\{closure}()
 4 SYSTEMPATH\Common.php(1135): CodeIgniter\View\View->render('question', [], true)
 5 APPPATH\Controllers\Question.php(24): view('question', [...])
 6 SYSTEMPATH\CodeIgniter.php(896): App\Controllers\Question->index()
 7 SYSTEMPATH\CodeIgniter.php(466): CodeIgniter\CodeIgniter->runController(Object(App\Controllers\Question))
 8 SYSTEMPATH\CodeIgniter.php(349): CodeIgniter\CodeIgniter->handleRequest(null, Object(Config\Cache), false)
 9 FCPATH\index.php(55): CodeIgniter\CodeIgniter->run()
CRITICAL - 2022-11-09 00:06:45 --> Invalid argument supplied for foreach()
in APPPATH\Views\question.php on line 96.
 1 APPPATH\Views\question.php(96): CodeIgniter\Debug\Exceptions->errorHandler(2, 'Invalid argument supplied for foreach()', 'APPPATH\\Views\\question.php', 96, [...])
 2 SYSTEMPATH\View\View.php(213): include('APPPATH\\Views\\question.php')
 3 SYSTEMPATH\View\View.php(216): CodeIgniter\View\View->CodeIgniter\View\{closure}()
 4 SYSTEMPATH\Common.php(1135): CodeIgniter\View\View->render('question', [], true)
 5 APPPATH\Controllers\Question.php(24): view('question', [...])
 6 SYSTEMPATH\CodeIgniter.php(896): App\Controllers\Question->index()
 7 SYSTEMPATH\CodeIgniter.php(466): CodeIgniter\CodeIgniter->runController(Object(App\Controllers\Question))
 8 SYSTEMPATH\CodeIgniter.php(349): CodeIgniter\CodeIgniter->handleRequest(null, Object(Config\Cache), false)
 9 FCPATH\index.php(55): CodeIgniter\CodeIgniter->run()
CRITICAL - 2022-11-09 00:08:48 --> Invalid argument supplied for foreach()
in APPPATH\Views\question.php on line 96.
 1 APPPATH\Views\question.php(96): CodeIgniter\Debug\Exceptions->errorHandler(2, 'Invalid argument supplied for foreach()', 'APPPATH\\Views\\question.php', 96, [...])
 2 SYSTEMPATH\View\View.php(213): include('APPPATH\\Views\\question.php')
 3 SYSTEMPATH\View\View.php(216): CodeIgniter\View\View->CodeIgniter\View\{closure}()
 4 SYSTEMPATH\Common.php(1135): CodeIgniter\View\View->render('question', [], true)
 5 APPPATH\Controllers\Question.php(24): view('question', [...])
 6 SYSTEMPATH\CodeIgniter.php(896): App\Controllers\Question->index()
 7 SYSTEMPATH\CodeIgniter.php(466): CodeIgniter\CodeIgniter->runController(Object(App\Controllers\Question))
 8 SYSTEMPATH\CodeIgniter.php(349): CodeIgniter\CodeIgniter->handleRequest(null, Object(Config\Cache), false)
 9 FCPATH\index.php(55): CodeIgniter\CodeIgniter->run()
CRITICAL - 2022-11-09 00:13:37 --> Invalid argument supplied for foreach()
in APPPATH\Views\question.php on line 96.
 1 APPPATH\Views\question.php(96): CodeIgniter\Debug\Exceptions->errorHandler(2, 'Invalid argument supplied for foreach()', 'APPPATH\\Views\\question.php', 96, [...])
 2 SYSTEMPATH\View\View.php(213): include('APPPATH\\Views\\question.php')
 3 SYSTEMPATH\View\View.php(216): CodeIgniter\View\View->CodeIgniter\View\{closure}()
 4 SYSTEMPATH\Common.php(1135): CodeIgniter\View\View->render('question', [], true)
 5 APPPATH\Controllers\Question.php(24): view('question', [...])
 6 SYSTEMPATH\CodeIgniter.php(896): App\Controllers\Question->index()
 7 SYSTEMPATH\CodeIgniter.php(466): CodeIgniter\CodeIgniter->runController(Object(App\Controllers\Question))
 8 SYSTEMPATH\CodeIgniter.php(349): CodeIgniter\CodeIgniter->handleRequest(null, Object(Config\Cache), false)
 9 FCPATH\index.php(55): CodeIgniter\CodeIgniter->run()
CRITICAL - 2022-11-09 00:33:18 --> Invalid argument supplied for foreach()
in APPPATH\Views\question.php on line 173.
 1 APPPATH\Views\question.php(173): CodeIgniter\Debug\Exceptions->errorHandler(2, 'Invalid argument supplied for foreach()', 'APPPATH\\Views\\question.php', 173, [...])
 2 SYSTEMPATH\View\View.php(213): include('APPPATH\\Views\\question.php')
 3 SYSTEMPATH\View\View.php(216): CodeIgniter\View\View->CodeIgniter\View\{closure}()
 4 SYSTEMPATH\Common.php(1135): CodeIgniter\View\View->render('question', [], true)
 5 APPPATH\Controllers\Question.php(24): view('question', [...])
 6 SYSTEMPATH\CodeIgniter.php(896): App\Controllers\Question->index()
 7 SYSTEMPATH\CodeIgniter.php(466): CodeIgniter\CodeIgniter->runController(Object(App\Controllers\Question))
 8 SYSTEMPATH\CodeIgniter.php(349): CodeIgniter\CodeIgniter->handleRequest(null, Object(Config\Cache), false)
 9 FCPATH\index.php(55): CodeIgniter\CodeIgniter->run()
ERROR - 2022-11-09 06:17:59 --> Table 'crew.candidate' doesn't exist
CRITICAL - 2022-11-09 06:17:59 --> Call to a member function getResultArray() on bool
in APPPATH\Models\QuestionModel.php on line 18.
 1 APPPATH\Controllers\Question.php(19): App\Models\QuestionModel->candidate_show()
 2 SYSTEMPATH\CodeIgniter.php(896): App\Controllers\Question->index()
 3 SYSTEMPATH\CodeIgniter.php(466): CodeIgniter\CodeIgniter->runController(Object(App\Controllers\Question))
 4 SYSTEMPATH\CodeIgniter.php(349): CodeIgniter\CodeIgniter->handleRequest(null, Object(Config\Cache), false)
 5 FCPATH\index.php(55): CodeIgniter\CodeIgniter->run()
