ERROR - 2023-04-07 07:54:20 --> Table 'anuvaadan_crew.event_a' doesn't exist
CRITICAL - 2023-04-07 07:54:20 --> Call to a member function getResultArray() on bool
in APPPATH/Controllers/Dashboard.php on line 89.
 1 SYSTEMPATH/CodeIgniter.php(896): App\Controllers\Dashboard->loadDataA()
 2 SYSTEMPATH/CodeIgniter.php(466): CodeIgniter\CodeIgniter->runController(Object(App\Controllers\Dashboard))
 3 SYSTEMPATH/CodeIgniter.php(349): CodeIgniter\CodeIgniter->handleRequest(null, Object(Config\Cache), false)
 4 FCPATH/index.php(55): CodeIgniter\CodeIgniter->run()
ERROR - 2023-04-07 08:01:08 --> Table 'anuvaadan_crew.event_a' doesn't exist
CRITICAL - 2023-04-07 08:01:08 --> Call to a member function getResultArray() on bool
in APPPATH/Controllers/Dashboard.php on line 89.
 1 SYSTEMPATH/CodeIgniter.php(896): App\Controllers\Dashboard->loadDataA()
 2 SYSTEMPATH/CodeIgniter.php(466): CodeIgniter\CodeIgniter->runController(Object(App\Controllers\Dashboard))
 3 SYSTEMPATH/CodeIgniter.php(349): CodeIgniter\CodeIgniter->handleRequest(null, Object(Config\Cache), false)
 4 FCPATH/index.php(55): CodeIgniter\CodeIgniter->run()
ERROR - 2023-04-07 23:16:44 --> Table 'anuvaadan_crew.event_a' doesn't exist
CRITICAL - 2023-04-07 23:16:44 --> Call to a member function getResultArray() on bool
in APPPATH/Controllers/Dashboard.php on line 89.
 1 SYSTEMPATH/CodeIgniter.php(896): App\Controllers\Dashboard->loadDataA()
 2 SYSTEMPATH/CodeIgniter.php(466): CodeIgniter\CodeIgniter->runController(Object(App\Controllers\Dashboard))
 3 SYSTEMPATH/CodeIgniter.php(349): CodeIgniter\CodeIgniter->handleRequest(null, Object(Config\Cache), false)
 4 FCPATH/index.php(55): CodeIgniter\CodeIgniter->run()
ERROR - 2023-04-07 23:20:47 --> Table 'anuvaadan_crew.event_a' doesn't exist
CRITICAL - 2023-04-07 23:20:47 --> Call to a member function getResultArray() on bool
in APPPATH/Controllers/Dashboard.php on line 89.
 1 SYSTEMPATH/CodeIgniter.php(896): App\Controllers\Dashboard->loadDataA()
 2 SYSTEMPATH/CodeIgniter.php(466): CodeIgniter\CodeIgniter->runController(Object(App\Controllers\Dashboard))
 3 SYSTEMPATH/CodeIgniter.php(349): CodeIgniter\CodeIgniter->handleRequest(null, Object(Config\Cache), false)
 4 FCPATH/index.php(55): CodeIgniter\CodeIgniter->run()
